
PROGRAM: T-COFFEE Version_11.00.8cbe486 (2014-08-12 22:05:29 - Revision 8cbe486 - Build 477)
-full_log      	S	[0] 
-genepred_score	S	[0] 	nsd
-run_name      	S	[0] 
-mem_mode      	S	[0] 	mem
-extend        	D	[1] 	1 
-extend_mode   	S	[0] 	very_fast_triplet
-max_n_pair    	D	[0] 	10 
-seq_name_for_quadruplet	S	[0] 	all
-compact       	S	[0] 	default
-clean         	S	[0] 	no
-do_self       	FL	[0] 	0
-do_normalise  	D	[0] 	1000 
-template_file 	S	[1] 	SELF_P_
-setenv        	S	[0] 	0
-template_mode 	S	[0] 
-flip          	D	[0] 	0 
-remove_template_file	D	[0] 	0 
-profile_template_file	S	[1] 	SELF_P_
-in            	S	[1] 	Msap_pair
-seq           	S	[1] 	./all_doc.fasta
-aln           	S	[0] 
-method_limits 	S	[0] 
-method        	S	[0] 
-lib           	S	[0] 
-profile       	S	[0] 
-profile1      	S	[0] 
-profile2      	S	[0] 
-pdb           	S	[0] 
-relax_lib     	D	[0] 	1 
-filter_lib    	D	[0] 	0 
-shrink_lib    	D	[0] 	0 
-out_lib       	W_F	[0] 	no
-out_lib_mode  	S	[0] 	primary
-lib_only      	D	[0] 	0 
-outseqweight  	W_F	[0] 	no
-dpa           	FL	[0] 	0
-seq_source    	S	[0] 	ANY
-cosmetic_penalty	D	[0] 	0 
-gapopen       	D	[0] 	0 
-gapext        	D	[0] 	0 
-fgapopen      	D	[0] 	0 
-fgapext       	D	[0] 	0 
-nomatch       	D	[0] 	0 
-newtree       	W_F	[0] 	default
-tree          	W_F	[0] 	NO
-usetree       	R_F	[0] 
-tree_mode     	S	[0] 	nj
-distance_matrix_mode	S	[0] 	ktup
-distance_matrix_sim_mode	S	[0] 	idmat_sim1
-quicktree     	FL	[0] 	0
-outfile       	W_F	[0] 	default
-maximise      	FL	[1] 	1
-output        	S	[1] 	fasta_aln
-len           	D	[0] 	0 
-infile        	R_F	[0] 
-matrix        	S	[0] 	default
-tg_mode       	D	[0] 	1 
-profile_mode  	S	[0] 	cw_profile_profile
-profile_comparison	S	[0] 	profile
-dp_mode       	S	[0] 	linked_pair_wise
-ktuple        	D	[0] 	1 
-ndiag         	D	[0] 	0 
-diag_threshold	D	[0] 	0 
-diag_mode     	D	[0] 	0 
-sim_matrix    	S	[0] 	vasiliky
-transform     	S	[0] 
-extend_seq    	FL	[0] 	0
-outorder      	S	[0] 	input
-inorder       	S	[0] 	aligned
-seqnos        	S	[0] 	off
-case          	S	[0] 	keep
-cpu           	D	[0] 	0 
-ulimit        	D	[0] 	-1 
-maxnseq       	D	[0] 	-1 
-maxlen        	D	[0] 	-1 
-sample_dp     	D	[0] 	0 
-weight        	S	[0] 	default
-seq_weight    	S	[0] 	no
-align         	FL	[1] 	1
-mocca         	FL	[0] 	0
-domain        	FL	[0] 	0
-start         	D	[0] 	0 
-len           	D	[0] 	0 
-scale         	D	[0] 	0 
-mocca_interactive	FL	[0] 	0
-method_evaluate_mode	S	[0] 	default
-evaluate_mode 	S	[0] 	triplet
-get_type      	FL	[0] 	0
-clean_aln     	D	[0] 	0 
-clean_threshold	D	[1] 	1 
-clean_iteration	D	[1] 	1 
-clean_evaluate_mode	S	[0] 	t_coffee_fast
-extend_matrix 	FL	[0] 	0
-prot_min_sim  	D	[40] 	40 
-prot_max_sim  	D	[90] 	90 
-prot_min_cov  	D	[40] 	40 
-pdb_type      	S	[0] 	d
-pdb_min_sim   	D	[35] 	35 
-pdb_max_sim   	D	[100] 	100 
-pdb_min_cov   	D	[50] 	50 
-pdb_blast_server	W_F	[0] 	EBI
-blast         	W_F	[0] 
-blast_server  	W_F	[0] 	EBI
-pdb_db        	W_F	[0] 	pdb
-protein_db    	W_F	[0] 	uniprot
-method_log    	W_F	[0] 	no
-struc_to_use  	S	[0] 
-cache         	W_F	[0] 	use
-align_pdb_param_file	W_F	[0] 	no
-align_pdb_hasch_mode	W_F	[0] 	hasch_ca_trace_bubble
-external_aligner	S	[0] 	NO
-msa_mode      	S	[0] 	tree
-master        	S	[0] 	no
-blast_nseq    	D	[0] 	0 
-lalign_n_top  	D	[0] 	10 
-iterate       	D	[0] 	0 
-trim          	D	[0] 	0 
-split         	D	[0] 	0 
-trimfile      	S	[0] 	default
-split         	D	[0] 	0 
-split_nseq_thres	D	[0] 	0 
-split_score_thres	D	[0] 	0 
-check_pdb_status	D	[0] 	0 
-clean_seq_name	D	[0] 	0 
-seq_to_keep   	S	[0] 
-dpa_master_aln	S	[0] 
-dpa_maxnseq   	D	[0] 	0 
-dpa_min_score1	D	[0] 
-dpa_min_score2	D	[0] 
-dpa_keep_tmpfile	FL	[0] 	0
-dpa_debug     	D	[0] 	0 
-multi_core    	S	[0] 	templates_jobs_relax_msa_evaluate
-n_core        	D	[0] 	0 
-max_n_proc    	D	[0] 	0 
-lib_list      	S	[0] 
-prune_lib_mode	S	[0] 	5
-tip           	S	[0] 	none
-rna_lib       	S	[0] 
-no_warning    	D	[0] 	0 
-run_local_script	D	[0] 	0 
-plugins       	S	[0] 	default
-proxy         	S	[0] 	unset
-email         	S	[1] 	blah@blah
-clean_overaln 	D	[0] 	0 
-overaln_param 	S	[0] 
-overaln_mode  	S	[0] 
-overaln_model 	S	[0] 
-overaln_threshold	D	[0] 	0 
-overaln_target	D	[0] 	0 
-overaln_P1    	D	[0] 	0 
-overaln_P2    	D	[0] 	0 
-overaln_P3    	D	[0] 	0 
-overaln_P4    	D	[0] 	0 
-exon_boundaries	S	[0] 
-dump          	S	[0] 	no
-display       	D	[0] 	100 

INPUT FILES
	Input File (M) sap_pair 
	Input File (S) ./all_doc.fasta  Format fasta_seq

Identify Master Sequences [no]:

Master Sequences Identified
Looking For Sequence Templates:

	Template Type: [PDB struc] Mode Or File: [SELF_P_] [Startperl: warning: Setting locale failed.
perl: warning: Please check that your locale settings:
	LANGUAGE = (unset),
	LC_ALL = (unset),
	LC_CTYPE = "UTF-8",
	LANG = "en_US"
    are supported and installed on your system.
perl: warning: Falling back to the standard locale ("C").

pid 2790 -- _P_ Template | 1OHZ.B | Could Not Be Found

perl: warning: Setting locale failed.
perl: warning: Please check that your locale settings:
	LANGUAGE = (unset),
	LC_ALL = (unset),
	LC_CTYPE = "UTF-8",
	LANG = "en_US"
    are supported and installed on your system.
perl: warning: Falling back to the standard locale ("C").

pid 2790 -- _P_ Template | 2B59.B | Could Not Be Found

perl: warning: Setting locale failed.
perl: warning: Please check that your locale settings:
	LANGUAGE = (unset),
	LC_ALL = (unset),
	LC_CTYPE = "UTF-8",
	LANG = "en_US"
    are supported and installed on your system.
perl: warning: Falling back to the standard locale ("C").

pid 2790 -- _P_ Template | 2CCL.B | Could Not Be Found

perl: warning: Setting locale failed.
perl: warning: Please check that your locale settings:
	LANGUAGE = (unset),
	LC_ALL = (unset),
	LC_CTYPE = "UTF-8",
	LANG = "en_US"
    are supported and installed on your system.
perl: warning: Falling back to the standard locale ("C").

pid 2790 -- _P_ Template | 2OZN.B | Could Not Be Found

perl: warning: Setting locale failed.
perl: warning: Please check that your locale settings:
	LANGUAGE = (unset),
	LC_ALL = (unset),
	LC_CTYPE = "UTF-8",
	LANG = "en_US"
    are supported and installed on your system.
perl: warning: Falling back to the standard locale ("C").

pid 2790 -- _P_ Template | 2VN5.B | Could Not Be Found

perl: warning: Setting locale failed.
perl: warning: Please check that your locale settings:
	LANGUAGE = (unset),
	LC_ALL = (unset),
	LC_CTYPE = "UTF-8",
	LANG = "en_US"
    are supported and installed on your system.
perl: warning: Falling back to the standard locale ("C").

pid 2790 -- _P_ Template | 2VN6.B | Could Not Be Found

perl: warning: Setting locale failed.
perl: warning: Please check that your locale settings:
	LANGUAGE = (unset),
	LC_ALL = (unset),
	LC_CTYPE = "UTF-8",
	LANG = "en_US"
    are supported and installed on your system.
perl: warning: Falling back to the standard locale ("C").

pid 2790 -- _P_ Template | 2Y3N.B | Could Not Be Found

perl: warning: Setting locale failed.
perl: warning: Please check that your locale settings:
	LANGUAGE = (unset),
	LC_ALL = (unset),
	LC_CTYPE = "UTF-8",
	LANG = "en_US"
    are supported and installed on your system.
perl: warning: Falling back to the standard locale ("C").

pid 2790 -- _P_ Template | 3KCP.B | Could Not Be Found

perl: warning: Setting locale failed.
perl: warning: Please check that your locale settings:
	LANGUAGE = (unset),
	LC_ALL = (unset),
	LC_CTYPE = "UTF-8",
	LANG = "en_US"
    are supported and installed on your system.
perl: warning: Falling back to the standard locale ("C").

pid 2790 -- _P_ Template | 3UL4.B | Could Not Be Found

perl: warning: Setting locale failed.
perl: warning: Please check that your locale settings:
	LANGUAGE = (unset),
	LC_ALL = (unset),
	LC_CTYPE = "UTF-8",
	LANG = "en_US"
    are supported and installed on your system.
perl: warning: Falling back to the standard locale ("C").

pid 2790 -- _P_ Template | 4DH2.B | Could Not Be Found

perl: warning: Setting locale failed.
perl: warning: Please check that your locale settings:
	LANGUAGE = (unset),
	LC_ALL = (unset),
	LC_CTYPE = "UTF-8",
	LANG = "en_US"
    are supported and installed on your system.
perl: warning: Falling back to the standard locale ("C").

pid 2790 -- _P_ Template | 4FL4.B | Could Not Be Found

perl: warning: Setting locale failed.
perl: warning: Please check that your locale settings:
	LANGUAGE = (unset),
	LC_ALL = (unset),
	LC_CTYPE = "UTF-8",
	LANG = "en_US"
    are supported and installed on your system.
perl: warning: Falling back to the standard locale ("C").

pid 2790 -- _P_ Template | 4IU2.B | Could Not Be Found

perl: warning: Setting locale failed.
perl: warning: Please check that your locale settings:
	LANGUAGE = (unset),
	LC_ALL = (unset),
	LC_CTYPE = "UTF-8",
	LANG = "en_US"
    are supported and installed on your system.
perl: warning: Falling back to the standard locale ("C").

pid 2790 -- _P_ Template | 4UYP.B | Could Not Be Found

perl: warning: Setting locale failed.
perl: warning: Please check that your locale settings:
	LANGUAGE = (unset),
	LC_ALL = (unset),
	LC_CTYPE = "UTF-8",
	LANG = "en_US"
    are supported and installed on your system.
perl: warning: Falling back to the standard locale ("C").

pid 2790 -- _P_ Template | 4UYQ.B | Could Not Be Found

perl: warning: Setting locale failed.
perl: warning: Please check that your locale settings:
	LANGUAGE = (unset),
	LC_ALL = (unset),
	LC_CTYPE = "UTF-8",
	LANG = "en_US"
    are supported and installed on your system.
perl: warning: Falling back to the standard locale ("C").

pid 2790 -- _P_ Template | CT_CIPA | Could Not Be Found

]
Looking For Profile  Templates
	Template Type: [PDB struc] Mode Or File: [SELF_P_] [Start]
INPUT SEQUENCES: 15 SEQUENCES  [PROTEIN]
  Input File ./all_doc.fasta Seq 1OHZ.B  Length   56 type PROTEIN Struct Unchecked
  Input File ./all_doc.fasta Seq 2B59.B  Length   60 type PROTEIN Struct Unchecked
  Input File ./all_doc.fasta Seq 2CCL.B  Length   62 type PROTEIN Struct Unchecked
  Input File ./all_doc.fasta Seq 2OZN.B  Length   50 type PROTEIN Struct Unchecked
  Input File ./all_doc.fasta Seq 2VN5.B  Length   56 type PROTEIN Struct Unchecked
  Input File ./all_doc.fasta Seq 2VN6.B  Length   64 type PROTEIN Struct Unchecked
  Input File ./all_doc.fasta Seq 2Y3N.B  Length   60 type PROTEIN Struct Unchecked
  Input File ./all_doc.fasta Seq 3KCP.B  Length   60 type PROTEIN Struct Unchecked
  Input File ./all_doc.fasta Seq 3UL4.B  Length   63 type PROTEIN Struct Unchecked
  Input File ./all_doc.fasta Seq 4DH2.B  Length   72 type PROTEIN Struct Unchecked
  Input File ./all_doc.fasta Seq 4FL4.B  Length   66 type PROTEIN Struct Unchecked
  Input File ./all_doc.fasta Seq 4IU2.B  Length  100 type PROTEIN Struct Unchecked
  Input File ./all_doc.fasta Seq 4UYP.B  Length   73 type PROTEIN Struct Unchecked
  Input File ./all_doc.fasta Seq 4UYQ.B  Length   73 type PROTEIN Struct Unchecked
  Input File ./all_doc.fasta Seq CT_CIPA Length    7 type PROTEIN Struct Unchecked

	Multi Core Mode: 24 processors:

	--- Process Method/Library/Aln Msap_pair
	--- Process Method/Library/Aln S./all_doc.fasta
pid 2865 -- Method  cannot be applied to [1OHZ.B vs 2B59.B], proba_pair will be used instead

pid 2865 -- Method  cannot be applied to [1OHZ.B vs 2CCL.B], proba_pair will be used instead

pid 2865 -- Method  cannot be applied to [1OHZ.B vs 2OZN.B], proba_pair will be used instead

pid 2865 -- Method  cannot be applied to [1OHZ.B vs 2VN5.B], proba_pair will be used instead

pid 2865 -- Method  cannot be applied to [1OHZ.B vs 2VN6.B], proba_pair will be used instead

pid 2865 -- Method  cannot be applied to [1OHZ.B vs 2Y3N.B], proba_pair will be used instead

pid 2865 -- Method  cannot be applied to [1OHZ.B vs 3KCP.B], proba_pair will be used instead

pid 2865 -- Method  cannot be applied to [1OHZ.B vs 3UL4.B], proba_pair will be used instead

pid 2865 -- Method  cannot be applied to [1OHZ.B vs 4DH2.B], proba_pair will be used instead

pid 2865 -- Method  cannot be applied to [1OHZ.B vs 4FL4.B], proba_pair will be used instead

pid 2865 -- Method  cannot be applied to [1OHZ.B vs 4IU2.B], proba_pair will be used instead

pid 2865 -- Method  cannot be applied to [1OHZ.B vs 4UYP.B], proba_pair will be used instead

pid 2865 -- Method  cannot be applied to [1OHZ.B vs 4UYQ.B], proba_pair will be used instead

pid 2865 -- Method  cannot be applied to [1OHZ.B vs CT_CIPA], proba_pair will be used instead

pid 2865 -- Method  cannot be applied to [2B59.B vs 2CCL.B], proba_pair will be used instead

pid 2865 -- Method  cannot be applied to [2B59.B vs 2OZN.B], proba_pair will be used instead

pid 2865 -- Method  cannot be applied to [2B59.B vs 2VN5.B], proba_pair will be used instead

pid 2865 -- Method  cannot be applied to [2B59.B vs 2VN6.B], proba_pair will be used instead

pid 2865 -- Method  cannot be applied to [2B59.B vs 2Y3N.B], proba_pair will be used instead

pid 2865 -- Method  cannot be applied to [2B59.B vs 3KCP.B], proba_pair will be used instead

pid 2865 -- Method  cannot be applied to [2B59.B vs 3UL4.B], proba_pair will be used instead

pid 2865 -- Method  cannot be applied to [2B59.B vs 4DH2.B], proba_pair will be used instead

pid 2865 -- Method  cannot be applied to [2B59.B vs 4FL4.B], proba_pair will be used instead

pid 2865 -- Method  cannot be applied to [2B59.B vs 4IU2.B], proba_pair will be used instead

pid 2865 -- Method  cannot be applied to [2B59.B vs 4UYP.B], proba_pair will be used instead

pid 2865 -- Method  cannot be applied to [2B59.B vs 4UYQ.B], proba_pair will be used instead

pid 2865 -- Method  cannot be applied to [2B59.B vs CT_CIPA], proba_pair will be used instead

pid 2865 -- Method  cannot be applied to [2CCL.B vs 2OZN.B], proba_pair will be used instead

pid 2865 -- Method  cannot be applied to [2CCL.B vs 2VN5.B], proba_pair will be used instead

pid 2865 -- Method  cannot be applied to [2CCL.B vs 2VN6.B], proba_pair will be used instead

pid 2865 -- Method  cannot be applied to [2CCL.B vs 2Y3N.B], proba_pair will be used instead

pid 2865 -- Method  cannot be applied to [2CCL.B vs 3KCP.B], proba_pair will be used instead

pid 2865 -- Method  cannot be applied to [2CCL.B vs 3UL4.B], proba_pair will be used instead

pid 2865 -- Method  cannot be applied to [2CCL.B vs 4DH2.B], proba_pair will be used instead

pid 2865 -- Method  cannot be applied to [2CCL.B vs 4FL4.B], proba_pair will be used instead

pid 2865 -- Method  cannot be applied to [2CCL.B vs 4IU2.B], proba_pair will be used instead

pid 2865 -- Method  cannot be applied to [2CCL.B vs 4UYP.B], proba_pair will be used instead

pid 2865 -- Method  cannot be applied to [2CCL.B vs 4UYQ.B], proba_pair will be used instead

pid 2865 -- Method  cannot be applied to [2CCL.B vs CT_CIPA], proba_pair will be used instead

pid 2865 -- Method  cannot be applied to [2OZN.B vs 2VN5.B], proba_pair will be used instead

pid 2865 -- Method  cannot be applied to [2OZN.B vs 2VN6.B], proba_pair will be used instead

pid 2865 -- Method  cannot be applied to [2OZN.B vs 2Y3N.B], proba_pair will be used instead

pid 2865 -- Method  cannot be applied to [2OZN.B vs 3KCP.B], proba_pair will be used instead

pid 2865 -- Method  cannot be applied to [2OZN.B vs 3UL4.B], proba_pair will be used instead

pid 2865 -- Method  cannot be applied to [2OZN.B vs 4DH2.B], proba_pair will be used instead

pid 2865 -- Method  cannot be applied to [2OZN.B vs 4FL4.B], proba_pair will be used instead

pid 2865 -- Method  cannot be applied to [2OZN.B vs 4IU2.B], proba_pair will be used instead

pid 2865 -- Method  cannot be applied to [2OZN.B vs 4UYP.B], proba_pair will be used instead

pid 2865 -- Method  cannot be applied to [2OZN.B vs 4UYQ.B], proba_pair will be used instead

pid 2865 -- Method  cannot be applied to [2OZN.B vs CT_CIPA], proba_pair will be used instead

pid 2865 -- Method  cannot be applied to [2VN5.B vs 2VN6.B], proba_pair will be used instead

pid 2865 -- Method  cannot be applied to [2VN5.B vs 2Y3N.B], proba_pair will be used instead

pid 2865 -- Method  cannot be applied to [2VN5.B vs 3KCP.B], proba_pair will be used instead

pid 2865 -- Method  cannot be applied to [2VN5.B vs 3UL4.B], proba_pair will be used instead

pid 2865 -- Method  cannot be applied to [2VN5.B vs 4DH2.B], proba_pair will be used instead

pid 2865 -- Method  cannot be applied to [2VN5.B vs 4FL4.B], proba_pair will be used instead

pid 2865 -- Method  cannot be applied to [2VN5.B vs 4IU2.B], proba_pair will be used instead

pid 2865 -- Method  cannot be applied to [2VN5.B vs 4UYP.B], proba_pair will be used instead

pid 2865 -- Method  cannot be applied to [2VN5.B vs 4UYQ.B], proba_pair will be used instead

pid 2865 -- Method  cannot be applied to [2VN5.B vs CT_CIPA], proba_pair will be used instead

pid 2865 -- Method  cannot be applied to [2VN6.B vs 2Y3N.B], proba_pair will be used instead

pid 2865 -- Method  cannot be applied to [2VN6.B vs 3KCP.B], proba_pair will be used instead

pid 2865 -- Method  cannot be applied to [2VN6.B vs 3UL4.B], proba_pair will be used instead

pid 2865 -- Method  cannot be applied to [2VN6.B vs 4DH2.B], proba_pair will be used instead

pid 2865 -- Method  cannot be applied to [2VN6.B vs 4FL4.B], proba_pair will be used instead

pid 2865 -- Method  cannot be applied to [2VN6.B vs 4IU2.B], proba_pair will be used instead

pid 2865 -- Method  cannot be applied to [2VN6.B vs 4UYP.B], proba_pair will be used instead

pid 2865 -- Method  cannot be applied to [2VN6.B vs 4UYQ.B], proba_pair will be used instead

pid 2865 -- Method  cannot be applied to [2VN6.B vs CT_CIPA], proba_pair will be used instead

pid 2865 -- Method  cannot be applied to [2Y3N.B vs 3KCP.B], proba_pair will be used instead

pid 2865 -- Method  cannot be applied to [2Y3N.B vs 3UL4.B], proba_pair will be used instead

pid 2865 -- Method  cannot be applied to [2Y3N.B vs 4DH2.B], proba_pair will be used instead

pid 2865 -- Method  cannot be applied to [2Y3N.B vs 4FL4.B], proba_pair will be used instead

pid 2865 -- Method  cannot be applied to [2Y3N.B vs 4IU2.B], proba_pair will be used instead

pid 2865 -- Method  cannot be applied to [2Y3N.B vs 4UYP.B], proba_pair will be used instead

pid 2865 -- Method  cannot be applied to [2Y3N.B vs 4UYQ.B], proba_pair will be used instead

pid 2865 -- Method  cannot be applied to [2Y3N.B vs CT_CIPA], proba_pair will be used instead

pid 2865 -- Method  cannot be applied to [3KCP.B vs 3UL4.B], proba_pair will be used instead

pid 2865 -- Method  cannot be applied to [3KCP.B vs 4DH2.B], proba_pair will be used instead

pid 2865 -- Method  cannot be applied to [3KCP.B vs 4FL4.B], proba_pair will be used instead

pid 2865 -- Method  cannot be applied to [3KCP.B vs 4IU2.B], proba_pair will be used instead

pid 2865 -- Method  cannot be applied to [3KCP.B vs 4UYP.B], proba_pair will be used instead

pid 2865 -- Method  cannot be applied to [3KCP.B vs 4UYQ.B], proba_pair will be used instead

pid 2865 -- Method  cannot be applied to [3KCP.B vs CT_CIPA], proba_pair will be used instead

pid 2865 -- Method  cannot be applied to [3UL4.B vs 4DH2.B], proba_pair will be used instead

pid 2865 -- Method  cannot be applied to [3UL4.B vs 4FL4.B], proba_pair will be used instead

pid 2865 -- Method  cannot be applied to [3UL4.B vs 4IU2.B], proba_pair will be used instead

pid 2865 -- Method  cannot be applied to [3UL4.B vs 4UYP.B], proba_pair will be used instead

pid 2865 -- Method  cannot be applied to [3UL4.B vs 4UYQ.B], proba_pair will be used instead

pid 2865 -- Method  cannot be applied to [3UL4.B vs CT_CIPA], proba_pair will be used instead

pid 2865 -- Method  cannot be applied to [4DH2.B vs 4FL4.B], proba_pair will be used instead

pid 2865 -- Method  cannot be applied to [4DH2.B vs 4IU2.B], proba_pair will be used instead

pid 2865 -- Method  cannot be applied to [4DH2.B vs 4UYP.B], proba_pair will be used instead

pid 2865 -- Method  cannot be applied to [4DH2.B vs 4UYQ.B], proba_pair will be used instead

pid 2865 -- Method  cannot be applied to [4DH2.B vs CT_CIPA], proba_pair will be used instead

pid 2865 -- Method  cannot be applied to [4FL4.B vs 4IU2.B], proba_pair will be used instead

pid 2865 -- Method  cannot be applied to [4FL4.B vs 4UYP.B], proba_pair will be used instead

pid 2865 -- Method  cannot be applied to [4FL4.B vs 4UYQ.B], proba_pair will be used instead

pid 2865 -- Method  cannot be applied to [4FL4.B vs CT_CIPA], proba_pair will be used instead

pid 2865 -- Method  cannot be applied to [4IU2.B vs 4UYP.B], proba_pair will be used instead

pid 2865 -- Method  cannot be applied to [4IU2.B vs 4UYQ.B], proba_pair will be used instead

pid 2865 -- Method  cannot be applied to [4IU2.B vs CT_CIPA], proba_pair will be used instead

pid 2865 -- Method  cannot be applied to [4UYP.B vs 4UYQ.B], proba_pair will be used instead

pid 2865 -- Method  cannot be applied to [4UYP.B vs CT_CIPA], proba_pair will be used instead

pid 2865 -- Method  cannot be applied to [4UYQ.B vs CT_CIPA], proba_pair will be used instead

	xxx Retrieved Msap_pair

	All Methods Retrieved

MANUAL PENALTIES: gapopen=0 gapext=0

	Library Total Size: [28190]

Library Relaxation: Multi_proc [24]
 
Relaxation Summary: [28190]--->[21045]



UN-WEIGHTED MODE: EVERY SEQUENCE WEIGHTS 1

MAKE GUIDE TREE 
	[MODE=nj][DONE]

PROGRESSIVE_ALIGNMENT [Tree Based]
Group    1: 1OHZ.B
Group    2: 2B59.B
Group    3: 2CCL.B
Group    4: 2OZN.B
Group    5: 2VN5.B
Group    6: 2VN6.B
Group    7: 2Y3N.B
Group    8: 3KCP.B
Group    9: 3UL4.B
Group   10: 4DH2.B
Group   11: 4FL4.B
Group   12: 4IU2.B
Group   13: 4UYP.B
Group   14: 4UYQ.B
Group   15: CT_CIPA


	Group   16: [Group    8 (   1 seq)] with [Group    2 (   1 seq)]-->[Len=   62][PID:2923]
	Group   19: [Group    3 (   1 seq)] with [Group    1 (   1 seq)]-->[Len=   62][PID:2928]
	Group   17: [Group    4 (   1 seq)] with [Group   16 (   2 seq)]-->[Len=   62][PID:2923]
	Group   20: [Group   11 (   1 seq)] with [Group   19 (   2 seq)]-->[Len=   67][PID:2928]
	Group   18: [Group   12 (   1 seq)] with [Group   17 (   3 seq)]-->[Len=  101][PID:2923]
	Group   22: [Group   21 (   2 seq)] with [Group   20 (   3 seq)]-->[Len=   69][PID:2926][Forked]
	Group   23: [Group    9 (   1 seq)] with [Group   22 (   5 seq)]-->[Len=   69][PID:2926]
	Group   27: [Group   26 (   4 seq)] with [Group   23 (   6 seq)]-->[Len=   75][PID:2924][Forked]
	Group   28: [Group   27 (  10 seq)] with [Group   18 (   4 seq)]-->[Len=  110][PID:2790][Forked]
	Group   29: [Group   15 (   1 seq)] with [Group   28 (  14 seq)]-->[Len=  110][PID:2790]


!		[Final Evaluation][TOT=    4][  0 %][ ELAPSED  TIME:    0 sec.]!		[Final Evaluation][TOT=    4][ 50 %][REMAINING TIME:    0 sec.]!		[Final Evaluation][TOT=    4][ 75 %][REMAINING TIME:    0 sec.]!		[Final Evaluation][TOT=    4][100 %][ ELAPSED  TIME:    0 sec.]



OUTPUT RESULTS
	#### File Type= GUIDE_TREE      Format= newick          Name= all_doc.dnd
	#### File Type= MSA             Format= fasta_aln       Name= all_doc.fasta_aln

# Command Line: t_coffee ./all_doc.fasta -output fasta_aln -mode 3dcoffee -email blah@blah  [PROGRAM:T-COFFEE]
# T-COFFEE Memory Usage: Current= 29.807 Mb, Max= 31.349 Mb
# Results Produced with T-COFFEE Version_11.00.8cbe486 (2014-08-12 22:05:29 - Revision 8cbe486 - Build 477)
# T-COFFEE is available from http://www.tcoffee.org
# Register on: https://groups.google.com/group/tcoffee/


*************************************************************************************************
*                        MESSAGES RECAPITULATION                                    
2790 -- WARNING: _P_ Template | 1OHZ.B | Could Not Be Found

2790 -- WARNING: _P_ Template | 2B59.B | Could Not Be Found

2790 -- WARNING: _P_ Template | 2CCL.B | Could Not Be Found

2790 -- WARNING: _P_ Template | 2OZN.B | Could Not Be Found

2790 -- WARNING: _P_ Template | 2VN5.B | Could Not Be Found

2790 -- WARNING: _P_ Template | 2VN6.B | Could Not Be Found

2790 -- WARNING: _P_ Template | 2Y3N.B | Could Not Be Found

2790 -- WARNING: _P_ Template | 3KCP.B | Could Not Be Found

2790 -- WARNING: _P_ Template | 3UL4.B | Could Not Be Found

2790 -- WARNING: _P_ Template | 4DH2.B | Could Not Be Found

2790 -- WARNING: _P_ Template | 4FL4.B | Could Not Be Found

2790 -- WARNING: _P_ Template | 4IU2.B | Could Not Be Found

2790 -- WARNING: _P_ Template | 4UYP.B | Could Not Be Found

2790 -- WARNING: _P_ Template | 4UYQ.B | Could Not Be Found

2790 -- WARNING: _P_ Template | CT_CIPA | Could Not Be Found

2865 -- INFORMATION: Method  cannot be applied to [1OHZ.B vs 2B59.B], proba_pair will be used instead
2865 -- INFORMATION: Method  cannot be applied to [1OHZ.B vs 2CCL.B], proba_pair will be used instead
2865 -- INFORMATION: Method  cannot be applied to [1OHZ.B vs 2OZN.B], proba_pair will be used instead
2865 -- INFORMATION: Method  cannot be applied to [1OHZ.B vs 2VN5.B], proba_pair will be used instead
2865 -- INFORMATION: Method  cannot be applied to [1OHZ.B vs 2VN6.B], proba_pair will be used instead
2865 -- INFORMATION: Method  cannot be applied to [1OHZ.B vs 2Y3N.B], proba_pair will be used instead
2865 -- INFORMATION: Method  cannot be applied to [1OHZ.B vs 3KCP.B], proba_pair will be used instead
2865 -- INFORMATION: Method  cannot be applied to [1OHZ.B vs 3UL4.B], proba_pair will be used instead
2865 -- INFORMATION: Method  cannot be applied to [1OHZ.B vs 4DH2.B], proba_pair will be used instead
2865 -- INFORMATION: Method  cannot be applied to [1OHZ.B vs 4FL4.B], proba_pair will be used instead
2865 -- INFORMATION: Method  cannot be applied to [1OHZ.B vs 4IU2.B], proba_pair will be used instead
2865 -- INFORMATION: Method  cannot be applied to [1OHZ.B vs 4UYP.B], proba_pair will be used instead
2865 -- INFORMATION: Method  cannot be applied to [1OHZ.B vs 4UYQ.B], proba_pair will be used instead
2865 -- INFORMATION: Method  cannot be applied to [1OHZ.B vs CT_CIPA], proba_pair will be used instead
2865 -- INFORMATION: Method  cannot be applied to [2B59.B vs 2CCL.B], proba_pair will be used instead
2865 -- INFORMATION: Method  cannot be applied to [2B59.B vs 2OZN.B], proba_pair will be used instead
2865 -- INFORMATION: Method  cannot be applied to [2B59.B vs 2VN5.B], proba_pair will be used instead
2865 -- INFORMATION: Method  cannot be applied to [2B59.B vs 2VN6.B], proba_pair will be used instead
2865 -- INFORMATION: Method  cannot be applied to [2B59.B vs 2Y3N.B], proba_pair will be used instead
2865 -- INFORMATION: Method  cannot be applied to [2B59.B vs 3KCP.B], proba_pair will be used instead
2865 -- INFORMATION: Method  cannot be applied to [2B59.B vs 3UL4.B], proba_pair will be used instead
2865 -- INFORMATION: Method  cannot be applied to [2B59.B vs 4DH2.B], proba_pair will be used instead
2865 -- INFORMATION: Method  cannot be applied to [2B59.B vs 4FL4.B], proba_pair will be used instead
2865 -- INFORMATION: Method  cannot be applied to [2B59.B vs 4IU2.B], proba_pair will be used instead
2865 -- INFORMATION: Method  cannot be applied to [2B59.B vs 4UYP.B], proba_pair will be used instead
2865 -- INFORMATION: Method  cannot be applied to [2B59.B vs 4UYQ.B], proba_pair will be used instead
2865 -- INFORMATION: Method  cannot be applied to [2B59.B vs CT_CIPA], proba_pair will be used instead
2865 -- INFORMATION: Method  cannot be applied to [2CCL.B vs 2OZN.B], proba_pair will be used instead
2865 -- INFORMATION: Method  cannot be applied to [2CCL.B vs 2VN5.B], proba_pair will be used instead
2865 -- INFORMATION: Method  cannot be applied to [2CCL.B vs 2VN6.B], proba_pair will be used instead
2865 -- INFORMATION: Method  cannot be applied to [2CCL.B vs 2Y3N.B], proba_pair will be used instead
2865 -- INFORMATION: Method  cannot be applied to [2CCL.B vs 3KCP.B], proba_pair will be used instead
2865 -- INFORMATION: Method  cannot be applied to [2CCL.B vs 3UL4.B], proba_pair will be used instead
2865 -- INFORMATION: Method  cannot be applied to [2CCL.B vs 4DH2.B], proba_pair will be used instead
2865 -- INFORMATION: Method  cannot be applied to [2CCL.B vs 4FL4.B], proba_pair will be used instead
2865 -- INFORMATION: Method  cannot be applied to [2CCL.B vs 4IU2.B], proba_pair will be used instead
2865 -- INFORMATION: Method  cannot be applied to [2CCL.B vs 4UYP.B], proba_pair will be used instead
2865 -- INFORMATION: Method  cannot be applied to [2CCL.B vs 4UYQ.B], proba_pair will be used instead
2865 -- INFORMATION: Method  cannot be applied to [2CCL.B vs CT_CIPA], proba_pair will be used instead
2865 -- INFORMATION: Method  cannot be applied to [2OZN.B vs 2VN5.B], proba_pair will be used instead
2865 -- INFORMATION: Method  cannot be applied to [2OZN.B vs 2VN6.B], proba_pair will be used instead
2865 -- INFORMATION: Method  cannot be applied to [2OZN.B vs 2Y3N.B], proba_pair will be used instead
2865 -- INFORMATION: Method  cannot be applied to [2OZN.B vs 3KCP.B], proba_pair will be used instead
2865 -- INFORMATION: Method  cannot be applied to [2OZN.B vs 3UL4.B], proba_pair will be used instead
2865 -- INFORMATION: Method  cannot be applied to [2OZN.B vs 4DH2.B], proba_pair will be used instead
2865 -- INFORMATION: Method  cannot be applied to [2OZN.B vs 4FL4.B], proba_pair will be used instead
2865 -- INFORMATION: Method  cannot be applied to [2OZN.B vs 4IU2.B], proba_pair will be used instead
2865 -- INFORMATION: Method  cannot be applied to [2OZN.B vs 4UYP.B], proba_pair will be used instead
2865 -- INFORMATION: Method  cannot be applied to [2OZN.B vs 4UYQ.B], proba_pair will be used instead
2865 -- INFORMATION: Method  cannot be applied to [2OZN.B vs CT_CIPA], proba_pair will be used instead
2865 -- INFORMATION: Method  cannot be applied to [2VN5.B vs 2VN6.B], proba_pair will be used instead
2865 -- INFORMATION: Method  cannot be applied to [2VN5.B vs 2Y3N.B], proba_pair will be used instead
2865 -- INFORMATION: Method  cannot be applied to [2VN5.B vs 3KCP.B], proba_pair will be used instead
2865 -- INFORMATION: Method  cannot be applied to [2VN5.B vs 3UL4.B], proba_pair will be used instead
2865 -- INFORMATION: Method  cannot be applied to [2VN5.B vs 4DH2.B], proba_pair will be used instead
2865 -- INFORMATION: Method  cannot be applied to [2VN5.B vs 4FL4.B], proba_pair will be used instead
2865 -- INFORMATION: Method  cannot be applied to [2VN5.B vs 4IU2.B], proba_pair will be used instead
2865 -- INFORMATION: Method  cannot be applied to [2VN5.B vs 4UYP.B], proba_pair will be used instead
2865 -- INFORMATION: Method  cannot be applied to [2VN5.B vs 4UYQ.B], proba_pair will be used instead
2865 -- INFORMATION: Method  cannot be applied to [2VN5.B vs CT_CIPA], proba_pair will be used instead
2865 -- INFORMATION: Method  cannot be applied to [2VN6.B vs 2Y3N.B], proba_pair will be used instead
2865 -- INFORMATION: Method  cannot be applied to [2VN6.B vs 3KCP.B], proba_pair will be used instead
2865 -- INFORMATION: Method  cannot be applied to [2VN6.B vs 3UL4.B], proba_pair will be used instead
2865 -- INFORMATION: Method  cannot be applied to [2VN6.B vs 4DH2.B], proba_pair will be used instead
2865 -- INFORMATION: Method  cannot be applied to [2VN6.B vs 4FL4.B], proba_pair will be used instead
2865 -- INFORMATION: Method  cannot be applied to [2VN6.B vs 4IU2.B], proba_pair will be used instead
2865 -- INFORMATION: Method  cannot be applied to [2VN6.B vs 4UYP.B], proba_pair will be used instead
2865 -- INFORMATION: Method  cannot be applied to [2VN6.B vs 4UYQ.B], proba_pair will be used instead
2865 -- INFORMATION: Method  cannot be applied to [2VN6.B vs CT_CIPA], proba_pair will be used instead
2865 -- INFORMATION: Method  cannot be applied to [2Y3N.B vs 3KCP.B], proba_pair will be used instead
2865 -- INFORMATION: Method  cannot be applied to [2Y3N.B vs 3UL4.B], proba_pair will be used instead
2865 -- INFORMATION: Method  cannot be applied to [2Y3N.B vs 4DH2.B], proba_pair will be used instead
2865 -- INFORMATION: Method  cannot be applied to [2Y3N.B vs 4FL4.B], proba_pair will be used instead
2865 -- INFORMATION: Method  cannot be applied to [2Y3N.B vs 4IU2.B], proba_pair will be used instead
2865 -- INFORMATION: Method  cannot be applied to [2Y3N.B vs 4UYP.B], proba_pair will be used instead
2865 -- INFORMATION: Method  cannot be applied to [2Y3N.B vs 4UYQ.B], proba_pair will be used instead
2865 -- INFORMATION: Method  cannot be applied to [2Y3N.B vs CT_CIPA], proba_pair will be used instead
2865 -- INFORMATION: Method  cannot be applied to [3KCP.B vs 3UL4.B], proba_pair will be used instead
2865 -- INFORMATION: Method  cannot be applied to [3KCP.B vs 4DH2.B], proba_pair will be used instead
2865 -- INFORMATION: Method  cannot be applied to [3KCP.B vs 4FL4.B], proba_pair will be used instead
2865 -- INFORMATION: Method  cannot be applied to [3KCP.B vs 4IU2.B], proba_pair will be used instead
2865 -- INFORMATION: Method  cannot be applied to [3KCP.B vs 4UYP.B], proba_pair will be used instead
2865 -- INFORMATION: Method  cannot be applied to [3KCP.B vs 4UYQ.B], proba_pair will be used instead
2865 -- INFORMATION: Method  cannot be applied to [3KCP.B vs CT_CIPA], proba_pair will be used instead
2865 -- INFORMATION: Method  cannot be applied to [3UL4.B vs 4DH2.B], proba_pair will be used instead
2865 -- INFORMATION: Method  cannot be applied to [3UL4.B vs 4FL4.B], proba_pair will be used instead
2865 -- INFORMATION: Method  cannot be applied to [3UL4.B vs 4IU2.B], proba_pair will be used instead
2865 -- INFORMATION: Method  cannot be applied to [3UL4.B vs 4UYP.B], proba_pair will be used instead
2865 -- INFORMATION: Method  cannot be applied to [3UL4.B vs 4UYQ.B], proba_pair will be used instead
2865 -- INFORMATION: Method  cannot be applied to [3UL4.B vs CT_CIPA], proba_pair will be used instead
2865 -- INFORMATION: Method  cannot be applied to [4DH2.B vs 4FL4.B], proba_pair will be used instead
2865 -- INFORMATION: Method  cannot be applied to [4DH2.B vs 4IU2.B], proba_pair will be used instead
2865 -- INFORMATION: Method  cannot be applied to [4DH2.B vs 4UYP.B], proba_pair will be used instead
2865 -- INFORMATION: Method  cannot be applied to [4DH2.B vs 4UYQ.B], proba_pair will be used instead
2865 -- INFORMATION: Method  cannot be applied to [4DH2.B vs CT_CIPA], proba_pair will be used instead
2865 -- INFORMATION: Method  cannot be applied to [4FL4.B vs 4IU2.B], proba_pair will be used instead
2865 -- INFORMATION: Method  cannot be applied to [4FL4.B vs 4UYP.B], proba_pair will be used instead
2865 -- INFORMATION: Method  cannot be applied to [4FL4.B vs 4UYQ.B], proba_pair will be used instead
2865 -- INFORMATION: Method  cannot be applied to [4FL4.B vs CT_CIPA], proba_pair will be used instead
2865 -- INFORMATION: Method  cannot be applied to [4IU2.B vs 4UYP.B], proba_pair will be used instead
2865 -- INFORMATION: Method  cannot be applied to [4IU2.B vs 4UYQ.B], proba_pair will be used instead
2865 -- INFORMATION: Method  cannot be applied to [4IU2.B vs CT_CIPA], proba_pair will be used instead
2865 -- INFORMATION: Method  cannot be applied to [4UYP.B vs 4UYQ.B], proba_pair will be used instead
2865 -- INFORMATION: Method  cannot be applied to [4UYP.B vs CT_CIPA], proba_pair will be used instead
2865 -- INFORMATION: Method  cannot be applied to [4UYQ.B vs CT_CIPA], proba_pair will be used instead
*************************************************************************************************
